[2025-05-05T07:24:52.207+0000] {processor.py:186} INFO - Started process (PID=74) to work on /opt/airflow/dags/job_post.py
[2025-05-05T07:24:52.211+0000] {processor.py:914} INFO - Processing file /opt/airflow/dags/job_post.py for tasks to queue
[2025-05-05T07:24:52.220+0000] {logging_mixin.py:190} INFO - [2025-05-05T07:24:52.219+0000] {dagbag.py:587} INFO - Filling up the DagBag from /opt/airflow/dags/job_post.py
[2025-05-05T07:24:53.635+0000] {logging_mixin.py:190} INFO - [2025-05-05T07:24:53.620+0000] {dagbag.py:386} ERROR - Failed to import: /opt/airflow/dags/job_post.py
Traceback (most recent call last):
  File "/home/airflow/.local/lib/python3.12/site-packages/langchain_community/embeddings/huggingface.py", line 84, in __init__
    import sentence_transformers
ModuleNotFoundError: No module named 'sentence_transformers'

The above exception was the direct cause of the following exception:

Traceback (most recent call last):
  File "/home/airflow/.local/lib/python3.12/site-packages/airflow/models/dagbag.py", line 382, in parse
    loader.exec_module(new_module)
  File "<frozen importlib._bootstrap_external>", line 995, in exec_module
  File "<frozen importlib._bootstrap>", line 488, in _call_with_frames_removed
  File "/opt/airflow/dags/job_post.py", line 16, in <module>
    embedding = HuggingFaceEmbeddings(model_name='sentence-transformers/all-mpnet-base-v2')
                ^^^^^^^^^^^^^^^^^^^^^^^^^^^^^^^^^^^^^^^^^^^^^^^^^^^^^^^^^^^^^^^^^^^^^^^^^^^
  File "/home/airflow/.local/lib/python3.12/site-packages/langchain_core/_api/deprecation.py", line 224, in warn_if_direct_instance
    return wrapped(self, *args, **kwargs)
           ^^^^^^^^^^^^^^^^^^^^^^^^^^^^^^
  File "/home/airflow/.local/lib/python3.12/site-packages/langchain_community/embeddings/huggingface.py", line 87, in __init__
    raise ImportError(
ImportError: Could not import sentence_transformers python package. Please install it with `pip install sentence-transformers`.
[2025-05-05T07:24:53.642+0000] {processor.py:927} WARNING - No viable dags retrieved from /opt/airflow/dags/job_post.py
[2025-05-05T07:24:53.682+0000] {processor.py:208} INFO - Processing /opt/airflow/dags/job_post.py took 1.491 seconds
